0 info it worked if it ends with ok
1 verbose cli [ '/Users/unassigned1/.nvm/versions/node/v4.2.2/bin/node',
1 verbose cli   '/Users/unassigned1/.nvm/versions/node/v4.2.2/bin/npm',
1 verbose cli   'run',
1 verbose cli   'test' ]
2 info using npm@2.14.7
3 info using node@v4.2.2
4 verbose run-script [ 'pretest', 'test', 'posttest' ]
5 info pretest newforms@0.12.1
6 info test newforms@0.12.1
7 verbose unsafe-perm in lifecycle true
8 info newforms@0.12.1 Failed to exec test script
9 verbose stack Error: newforms@0.12.1 test: `gulp browserify-js && node tests/tests.js`
9 verbose stack Exit status 3
9 verbose stack     at EventEmitter.<anonymous> (/Users/unassigned1/.nvm/versions/node/v4.2.2/lib/node_modules/npm/lib/utils/lifecycle.js:214:16)
9 verbose stack     at emitTwo (events.js:87:13)
9 verbose stack     at EventEmitter.emit (events.js:172:7)
9 verbose stack     at ChildProcess.<anonymous> (/Users/unassigned1/.nvm/versions/node/v4.2.2/lib/node_modules/npm/lib/utils/spawn.js:24:14)
9 verbose stack     at emitTwo (events.js:87:13)
9 verbose stack     at ChildProcess.emit (events.js:172:7)
9 verbose stack     at maybeClose (internal/child_process.js:818:16)
9 verbose stack     at Process.ChildProcess._handle.onexit (internal/child_process.js:211:5)
10 verbose pkgid newforms@0.12.1
11 verbose cwd /Users/unassigned1/projects/newforms
12 error Darwin 15.3.0
13 error argv "/Users/unassigned1/.nvm/versions/node/v4.2.2/bin/node" "/Users/unassigned1/.nvm/versions/node/v4.2.2/bin/npm" "run" "test"
14 error node v4.2.2
15 error npm  v2.14.7
16 error code ELIFECYCLE
17 error newforms@0.12.1 test: `gulp browserify-js && node tests/tests.js`
17 error Exit status 3
18 error Failed at the newforms@0.12.1 test script 'gulp browserify-js && node tests/tests.js'.
18 error This is most likely a problem with the newforms package,
18 error not with npm itself.
18 error Tell the author that this fails on your system:
18 error     gulp browserify-js && node tests/tests.js
18 error You can get their info via:
18 error     npm owner ls newforms
18 error There is likely additional logging output above.
19 verbose exit [ 1, true ]
